<?xml version="1.0" encoding="UTF-8"?>
<!-- Generated by org.testng.reporters.JUnitXMLReporter -->
<testsuite ignored="3" hostname="MSI" failures="1" tests="12" name="Jira013" time="15.294" errors="0" timestamp="2022-07-31T18:44:42 ICT">
  <testcase classname="com.demoqa.tests.AccountTests.GetUserTest" name="getUserSuccessfully" time="0.97"/>
  <testcase classname="com.demoqa.tests.AccountTests.GetUserTest" name="getUserUnsuccessfullyDueToUnauthorized" time="0.663"/>
  <testcase classname="com.demoqa.tests.BookStoreTests.AddBookTest" name="addNewBookToCollectionSuccessfully" time="0.691"/>
  <testcase classname="com.demoqa.tests.BookStoreTests.AddBookTest" name="addNewBookToCollectionUnsuccessfullyDueToExistingBook" time="0.701"/>
  <testcase classname="com.demoqa.tests.BookStoreTests.AddBookTest" name="addNewBookToCollectionUnsuccessfullyDueToIncorrectUserId" time="0.691"/>
  <testcase classname="com.demoqa.tests.BookStoreTests.AddBookTest" name="addNewBookToCollectionUnsuccessfullyDueToMissingIsbn" time="0.965"/>
  <testcase classname="com.demoqa.tests.BookStoreTests.DeleteABookTest" name="deleteABookFromCollectionSuccessfully" time="0.739"/>
  <testcase classname="com.demoqa.tests.BookStoreTests.DeleteABookTest" name="deleteABookFromCollectionUnsuccessfullyDueToUnexistingIsbn" time="0.773"/>
  <testcase classname="com.demoqa.tests.BookStoreTests.DeleteABookTest" name="deleteABookFromCollectionUnsuccessfullyDueToWrongToken" time="0.727"/>
  <testcase classname="com.demoqa.tests.BookStoreTests.ReplaceBookTest" name="replaceABBookInCollectionUnsuccessfullyDueToUnauthorized" time="0.68"/>
  <testcase classname="com.demoqa.tests.BookStoreTests.ReplaceBookTest" name="replaceABookInCollectionAndVerifyJsonSchemaSuccessfully" time="0.735">
    <failure type="java.lang.AssertionError" message="Verify books
Expected: &amp;quot;{\&amp;quot;isbn\&amp;quot;:\&amp;quot;9781449337711\&amp;quot;,\&amp;quot;title\&amp;quot;:\&amp;quot;Designing Evolvable Web APIs with ASP.NET\&amp;quot;,\&amp;quot;subTitle\&amp;quot;:\&amp;quot;Harnessing the Power of the Web\&amp;quot;,\&amp;quot;author\&amp;quot;:\&amp;quot;Glenn Block et al.\&amp;quot;,\&amp;quot;publish_date\&amp;quot;:\&amp;quot;2020-06-04T09:12:43.000Z\&amp;quot;,\&amp;quot;publisher\&amp;quot;:\&amp;quot;O\\u0027Reilly Media\&amp;quot;,\&amp;quot;pages\&amp;quot;:238,\&amp;quot;description\&amp;quot;:\&amp;quot;Design and build Web APIs for a broad range of clientsâ€”including browsers and mobile devicesâ€”that can adapt to change over time. This practical, hands-on guide takes you through the theory and tools you need to build evolvable HTTP services with Microsoft\&amp;quot;,\&amp;quot;website\&amp;quot;:\&amp;quot;http://chimera.labs.oreilly.com/books/1234000001708/index.html\&amp;quot;}&amp;quot;
     but: was &amp;quot;{\&amp;quot;isbn\&amp;quot;:\&amp;quot;9781449337711\&amp;quot;,\&amp;quot;title\&amp;quot;:\&amp;quot;Designing Evolvable Web APIs with ASP.NET\&amp;quot;,\&amp;quot;subTitle\&amp;quot;:\&amp;quot;Harnessing the Power of the Web\&amp;quot;,\&amp;quot;author\&amp;quot;:\&amp;quot;Glenn Block et al.\&amp;quot;,\&amp;quot;publish_date\&amp;quot;:\&amp;quot;2020-06-04T09:12:43.000Z\&amp;quot;,\&amp;quot;publisher\&amp;quot;:\&amp;quot;O\\u0027Reilly Media\&amp;quot;,\&amp;quot;pages\&amp;quot;:238,\&amp;quot;description\&amp;quot;:\&amp;quot;Design and build Web APIs for a broad range of clients—including browsers and mobile devices—that can adapt to change over time. This practical, hands-on guide takes you through the theory and tools you need to build evolvable HTTP services with Microsoft\&amp;quot;,\&amp;quot;website\&amp;quot;:\&amp;quot;http://chimera.labs.oreilly.com/books/1234000001708/index.html\&amp;quot;}&amp;quot;">
      <![CDATA[java.lang.AssertionError: Verify books
Expected: "{\"isbn\":\"9781449337711\",\"title\":\"Designing Evolvable Web APIs with ASP.NET\",\"subTitle\":\"Harnessing the Power of the Web\",\"author\":\"Glenn Block et al.\",\"publish_date\":\"2020-06-04T09:12:43.000Z\",\"publisher\":\"O\\u0027Reilly Media\",\"pages\":238,\"description\":\"Design and build Web APIs for a broad range of clientsâ€”including browsers and mobile devicesâ€”that can adapt to change over time. This practical, hands-on guide takes you through the theory and tools you need to build evolvable HTTP services with Microsoft\",\"website\":\"http://chimera.labs.oreilly.com/books/1234000001708/index.html\"}"
     but: was "{\"isbn\":\"9781449337711\",\"title\":\"Designing Evolvable Web APIs with ASP.NET\",\"subTitle\":\"Harnessing the Power of the Web\",\"author\":\"Glenn Block et al.\",\"publish_date\":\"2020-06-04T09:12:43.000Z\",\"publisher\":\"O\\u0027Reilly Media\",\"pages\":238,\"description\":\"Design and build Web APIs for a broad range of clients—including browsers and mobile devices—that can adapt to change over time. This practical, hands-on guide takes you through the theory and tools you need to build evolvable HTTP services with Microsoft\",\"website\":\"http://chimera.labs.oreilly.com/books/1234000001708/index.html\"}"
at org.hamcrest.MatcherAssert.assertThat(MatcherAssert.java:20)
at com.demoqa.tests.BookStoreTests.ReplaceBookTest.replaceABookInCollectionAndVerifyJsonSchemaSuccessfully(ReplaceBookTest.java:57)
at java.base/java.util.ArrayList.forEach(ArrayList.java:1541)
... Removed 31 stack frames]]>
    </failure>
  </testcase> <!-- replaceABookInCollectionAndVerifyJsonSchemaSuccessfully -->
  <testcase classname="com.demoqa.tests.BookStoreTests.ReplaceBookTest" name="replaceABookInCollectionUnsuccessfullyDueToUnexistingIsbn" time="0.669"/>
  <testcase classname="com.demoqa.tests.BaseTest" name="@BeforeTest beforeTest" time="0.0">
    <ignored/>
  </testcase> <!-- @BeforeTest beforeTest -->
  <testcase classname="com.demoqa.tests.BaseTest" name="@BeforeTest beforeTest" time="0.0">
    <ignored/>
  </testcase> <!-- @BeforeTest beforeTest -->
  <testcase classname="com.demoqa.tests.BaseTest" name="@BeforeTest beforeTest" time="0.0">
    <ignored/>
  </testcase> <!-- @BeforeTest beforeTest -->
</testsuite> <!-- Jira013 -->
