<?xml version="1.0" encoding="UTF-8"?>
<testsuite xmlns:xsi="http://www.w3.org/2001/XMLSchema-instance" xsi:noNamespaceSchemaLocation="https://maven.apache.org/surefire/maven-surefire-plugin/xsd/surefire-test-report-3.0.xsd" version="3.0" name="TestSuite" time="16.363" tests="12" errors="0" skipped="0" failures="1">
  <properties>
[...]
</properties>
  <testcase name="getUserSuccessfully" classname="com.demoqa.tests.AccountTests.GetUserTest" time="0.966">
    <system-out><![CDATA[
Method: POST

URL: https://demoqa.com/Account/v1/GenerateToken

The request is sent with: {"password":"Thanh21!","userName":"ThanhTran"}

The response is return with: 
Status code: 200
Response body:
{
    "token": "eyJhbGciOiJIUzI1NiIsInR5cCI6IkpXVCJ9.eyJ1c2VyTmFtZSI6IlRoYW5oVHJhbiIsInBhc3N3b3JkIjoiVGhhbmgyMSEiLCJpYXQiOjE2NTkyNjc4NzB9.BLHA2-2KD-Xw8gjlnjDODVI4_6-S7-QYxjN__zHb7lw",
    "expires": "2022-08-07T11:44:30.264Z",
    "status": "Success",
    "result": "User authorized successfully."
}

Method: DELETE

URL: https://demoqa.com/BookStore/v1/Books?UserId=b8b96bdb-d0a4-40a4-a6a1-cb318f94993a

The request is sent with: 

The response is return with: 
Status code: 204
Response body:


Method: POST

URL: https://demoqa.com/BookStore/v1/Books

The request is sent with: {"collectionOfIsbns":[{"isbn":"9781449325862"},{"isbn":"9781449365035"},{"isbn":"9781593275846"}],"userId":"b8b96bdb-d0a4-40a4-a6a1-cb318f94993a"}

The response is return with: 
Status code: 201
Response body:
{
    "books": [
        {
            "isbn": "9781449325862"
        },
        {
            "isbn": "9781449365035"
        },
        {
            "isbn": "9781593275846"
        }
    ]
}

Method: GET

URL: https://demoqa.com/Account/v1/User/b8b96bdb-d0a4-40a4-a6a1-cb318f94993a

The request is sent with: 

The response is return with: 
Status code: 200
Response body:
{
    "userId": "b8b96bdb-d0a4-40a4-a6a1-cb318f94993a",
    "username": "ThanhTran",
    "books": [
        {
            "isbn": "9781449325862",
            "title": "Git Pocket Guide",
            "subTitle": "A Working Introduction",
            "author": "Richard E. Silverman",
            "publish_date": "2020-06-04T08:48:39.000Z",
            "publisher": "O'Reilly Media",
            "pages": 234,
            "description": "This pocket guide is the perfect on-the-job companion to Git, the distributed version control system. It provides a compact, readable introduction to Git for new users, as well as a reference to common commands and procedures for those of you with Git exp",
            "website": "http://chimera.labs.oreilly.com/books/1230000000561/index.html"
        },
        {
            "isbn": "9781449365035",
            "title": "Speaking JavaScript",
            "subTitle": "An In-Depth Guide for Programmers",
            "author": "Axel Rauschmayer",
            "publish_date": "2014-02-01T00:00:00.000Z",
            "publisher": "O'Reilly Media",
            "pages": 460,
            "description": "Like it or not, JavaScript is everywhere these days-from browser to server to mobile-and now you, too, need to learn the language or dive deeper than you have. This concise book guides you into and through JavaScript, written by a veteran programmer who o",
            "website": "http://speakingjs.com/"
        },
        {
            "isbn": "9781593275846",
            "title": "Eloquent JavaScript, Second Edition",
            "subTitle": "A Modern Introduction to Programming",
            "author": "Marijn Haverbeke",
            "publish_date": "2014-12-14T00:00:00.000Z",
            "publisher": "No Starch Press",
            "pages": 472,
            "description": "JavaScript lies at the heart of almost every modern web application, from social apps to the newest browser-based games. Though simple for beginners to pick up and play with, JavaScript is a flexible, complex language that you can use to build full-scale ",
            "website": "http://eloquentjavascript.net/"
        }
    ]
}
]]></system-out>
  </testcase>
  <testcase name="getUserUnsuccessfullyDueToUnauthorized" classname="com.demoqa.tests.AccountTests.GetUserTest" time="0.661">
    <system-out><![CDATA[
Method: GET

URL: https://demoqa.com/Account/v1/User/b8b96bdb-d0a4-40a4-a6a1-cb318f94993a

The request is sent with: 

The response is return with: 
Status code: 401
Response body:
{
    "code": "1200",
    "message": "User not authorized!"
}
]]></system-out>
  </testcase>
  <testcase name="addNewBookToCollectionSuccessfully" classname="com.demoqa.tests.BookStoreTests.AddBookTest" time="0.692">
    <system-out><![CDATA[
Method: POST

URL: https://demoqa.com/BookStore/v1/Books

The request is sent with: {"collectionOfIsbns":[{"isbn":"9781449331818"},{"isbn":"9781593277574"}],"userId":"b8b96bdb-d0a4-40a4-a6a1-cb318f94993a"}

The response is return with: 
Status code: 201
Response body:
{
    "books": [
        {
            "isbn": "9781449331818"
        },
        {
            "isbn": "9781593277574"
        }
    ]
}
]]></system-out>
  </testcase>
  <testcase name="addNewBookToCollectionUnsuccessfullyDueToExistingBook" classname="com.demoqa.tests.BookStoreTests.AddBookTest" time="0.702">
    <system-out><![CDATA[
Method: POST

URL: https://demoqa.com/BookStore/v1/Books

The request is sent with: {"collectionOfIsbns":[{"isbn":"9781449365035"}],"userId":"b8b96bdb-d0a4-40a4-a6a1-cb318f94993a"}

The response is return with: 
Status code: 400
Response body:
{
    "code": "1210",
    "message": "ISBN already present in the User's Collection!"
}
]]></system-out>
  </testcase>
  <testcase name="addNewBookToCollectionUnsuccessfullyDueToIncorrectUserId" classname="com.demoqa.tests.BookStoreTests.AddBookTest" time="0.691">
    <system-out><![CDATA[
Method: POST

URL: https://demoqa.com/BookStore/v1/Books

The request is sent with: {"collectionOfIsbns":[{"isbn":"9781449331818"},{"isbn":"9781593277574"}],"userId":"00000000-0000-0000-0000-000000000000"}

The response is return with: 
Status code: 401
Response body:
{
    "code": "1207",
    "message": "User Id not correct!"
}
]]></system-out>
  </testcase>
  <testcase name="addNewBookToCollectionUnsuccessfullyDueToMissingIsbn" classname="com.demoqa.tests.BookStoreTests.AddBookTest" time="0.967">
    <system-out><![CDATA[
Method: POST

URL: https://demoqa.com/BookStore/v1/Books

The request is sent with: {"collectionOfIsbns":[{"isbn":""}],"userId":"b8b96bdb-d0a4-40a4-a6a1-cb318f94993a"}

The response is return with: 
Status code: 400
Response body:
{
    "code": "1205",
    "message": "ISBN supplied is not available in Books Collection!"
}
]]></system-out>
  </testcase>
  <testcase name="deleteABookFromCollectionSuccessfully" classname="com.demoqa.tests.BookStoreTests.DeleteABookTest" time="0.741">
    <system-out><![CDATA[
Method: DELETE

URL: https://demoqa.com/BookStore/v1/Book

The request is sent with: {"isbn":"9781449365035","userId":"b8b96bdb-d0a4-40a4-a6a1-cb318f94993a"}

The response is return with: 
Status code: 204
Response body:

]]></system-out>
  </testcase>
  <testcase name="deleteABookFromCollectionUnsuccessfullyDueToUnexistingIsbn" classname="com.demoqa.tests.BookStoreTests.DeleteABookTest" time="0.772">
    <system-out><![CDATA[
Method: DELETE

URL: https://demoqa.com/BookStore/v1/Book

The request is sent with: {"isbn":"00000000","userId":"b8b96bdb-d0a4-40a4-a6a1-cb318f94993a"}

The response is return with: 
Status code: 400
Response body:
{
    "code": "1206",
    "message": "ISBN supplied is not available in User's Collection!"
}
]]></system-out>
  </testcase>
  <testcase name="deleteABookFromCollectionUnsuccessfullyDueToWrongToken" classname="com.demoqa.tests.BookStoreTests.DeleteABookTest" time="0.729">
    <system-out><![CDATA[
Method: DELETE

URL: https://demoqa.com/BookStore/v1/Book

The request is sent with: {"isbn":"9781449365035","userId":"b8b96bdb-d0a4-40a4-a6a1-cb318f94993a"}

The response is return with: 
Status code: 401
Response body:
{
    "code": "1200",
    "message": "User not authorized!"
}
]]></system-out>
  </testcase>
  <testcase name="replaceABBookInCollectionUnsuccessfullyDueToUnauthorized" classname="com.demoqa.tests.BookStoreTests.ReplaceBookTest" time="0.681">
    <system-out><![CDATA[
Method: PUT

URL: https://demoqa.com/BookStore/v1/Books/9781449325862

The request is sent with: {"isbn":"9781449337711","userId":"b8b96bdb-d0a4-40a4-a6a1-cb318f94993a"}

The response is return with: 
Status code: 401
Response body:
{
    "code": "1200",
    "message": "User not authorized!"
}
]]></system-out>
  </testcase>
  <testcase name="replaceABookInCollectionAndVerifyJsonSchemaSuccessfully" classname="com.demoqa.tests.BookStoreTests.ReplaceBookTest" time="0.743">
    <failure message="Verify books&#10;Expected: &quot;{\&quot;isbn\&quot;:\&quot;9781449337711\&quot;,\&quot;title\&quot;:\&quot;Designing Evolvable Web APIs with ASP.NET\&quot;,\&quot;subTitle\&quot;:\&quot;Harnessing the Power of the Web\&quot;,\&quot;author\&quot;:\&quot;Glenn Block et al.\&quot;,\&quot;publish_date\&quot;:\&quot;2020-06-04T09:12:43.000Z\&quot;,\&quot;publisher\&quot;:\&quot;O\\u0027Reilly Media\&quot;,\&quot;pages\&quot;:238,\&quot;description\&quot;:\&quot;Design and build Web APIs for a broad range of clientsâ€”including browsers and mobile devicesâ€”that can adapt to change over time. This practical, hands-on guide takes you through the theory and tools you need to build evolvable HTTP services with Microsoft\&quot;,\&quot;website\&quot;:\&quot;http://chimera.labs.oreilly.com/books/1234000001708/index.html\&quot;}&quot;&#10;     but: was &quot;{\&quot;isbn\&quot;:\&quot;9781449337711\&quot;,\&quot;title\&quot;:\&quot;Designing Evolvable Web APIs with ASP.NET\&quot;,\&quot;subTitle\&quot;:\&quot;Harnessing the Power of the Web\&quot;,\&quot;author\&quot;:\&quot;Glenn Block et al.\&quot;,\&quot;publish_date\&quot;:\&quot;2020-06-04T09:12:43.000Z\&quot;,\&quot;publisher\&quot;:\&quot;O\\u0027Reilly Media\&quot;,\&quot;pages\&quot;:238,\&quot;description\&quot;:\&quot;Design and build Web APIs for a broad range of clients—including browsers and mobile devices—that can adapt to change over time. This practical, hands-on guide takes you through the theory and tools you need to build evolvable HTTP services with Microsoft\&quot;,\&quot;website\&quot;:\&quot;http://chimera.labs.oreilly.com/books/1234000001708/index.html\&quot;}&quot;" type="java.lang.AssertionError"><![CDATA[java.lang.AssertionError: 
Verify books
Expected: "{\"isbn\":\"9781449337711\",\"title\":\"Designing Evolvable Web APIs with ASP.NET\",\"subTitle\":\"Harnessing the Power of the Web\",\"author\":\"Glenn Block et al.\",\"publish_date\":\"2020-06-04T09:12:43.000Z\",\"publisher\":\"O\\u0027Reilly Media\",\"pages\":238,\"description\":\"Design and build Web APIs for a broad range of clientsâ€”including browsers and mobile devicesâ€”that can adapt to change over time. This practical, hands-on guide takes you through the theory and tools you need to build evolvable HTTP services with Microsoft\",\"website\":\"http://chimera.labs.oreilly.com/books/1234000001708/index.html\"}"
     but: was "{\"isbn\":\"9781449337711\",\"title\":\"Designing Evolvable Web APIs with ASP.NET\",\"subTitle\":\"Harnessing the Power of the Web\",\"author\":\"Glenn Block et al.\",\"publish_date\":\"2020-06-04T09:12:43.000Z\",\"publisher\":\"O\\u0027Reilly Media\",\"pages\":238,\"description\":\"Design and build Web APIs for a broad range of clients—including browsers and mobile devices—that can adapt to change over time. This practical, hands-on guide takes you through the theory and tools you need to build evolvable HTTP services with Microsoft\",\"website\":\"http://chimera.labs.oreilly.com/books/1234000001708/index.html\"}"
	at com.demoqa.tests.BookStoreTests.ReplaceBookTest.replaceABookInCollectionAndVerifyJsonSchemaSuccessfully(ReplaceBookTest.java:57)
]]></failure>
    <system-out><![CDATA[
Method: PUT

URL: https://demoqa.com/BookStore/v1/Books/9781449325862

The request is sent with: {"isbn":"9781449337711","userId":"b8b96bdb-d0a4-40a4-a6a1-cb318f94993a"}

The response is return with: 
Status code: 200
Response body:
{
    "userId": "b8b96bdb-d0a4-40a4-a6a1-cb318f94993a",
    "username": "ThanhTran",
    "books": [
        {
            "isbn": "9781593275846",
            "title": "Eloquent JavaScript, Second Edition",
            "subTitle": "A Modern Introduction to Programming",
            "author": "Marijn Haverbeke",
            "publish_date": "2014-12-14T00:00:00.000Z",
            "publisher": "No Starch Press",
            "pages": 472,
            "description": "JavaScript lies at the heart of almost every modern web application, from social apps to the newest browser-based games. Though simple for beginners to pick up and play with, JavaScript is a flexible, complex language that you can use to build full-scale ",
            "website": "http://eloquentjavascript.net/"
        },
        {
            "isbn": "9781449331818",
            "title": "Learning JavaScript Design Patterns",
            "subTitle": "A JavaScript and jQuery Developer's Guide",
            "author": "Addy Osmani",
            "publish_date": "2020-06-04T09:11:40.000Z",
            "publisher": "O'Reilly Media",
            "pages": 254,
            "description": "With Learning JavaScript Design Patterns, you'll learn how to write beautiful, structured, and maintainable JavaScript by applying classical and modern design patterns to the language. If you want to keep your code efficient, more manageable, and up-to-da",
            "website": "http://www.addyosmani.com/resources/essentialjsdesignpatterns/book/"
        },
        {
            "isbn": "9781593277574",
            "title": "Understanding ECMAScript 6",
            "subTitle": "The Definitive Guide for JavaScript Developers",
            "author": "Nicholas C. Zakas",
            "publish_date": "2016-09-03T00:00:00.000Z",
            "publisher": "No Starch Press",
            "pages": 352,
            "description": "ECMAScript 6 represents the biggest update to the core of JavaScript in the history of the language. In Understanding ECMAScript 6, expert developer Nicholas C. Zakas provides a complete guide to the object types, syntax, and other exciting changes that E",
            "website": "https://leanpub.com/understandinges6/read"
        },
        {
            "isbn": "9781449337711",
            "title": "Designing Evolvable Web APIs with ASP.NET",
            "subTitle": "Harnessing the Power of the Web",
            "author": "Glenn Block et al.",
            "publish_date": "2020-06-04T09:12:43.000Z",
            "publisher": "O'Reilly Media",
            "pages": 238,
            "description": "Design and build Web APIs for a broad range of clients—including browsers and mobile devices—that can adapt to change over time. This practical, hands-on guide takes you through the theory and tools you need to build evolvable HTTP services with Microsoft",
            "website": "http://chimera.labs.oreilly.com/books/1234000001708/index.html"
        }
    ]
}
]]></system-out>
  </testcase>
  <testcase name="replaceABookInCollectionUnsuccessfullyDueToUnexistingIsbn" classname="com.demoqa.tests.BookStoreTests.ReplaceBookTest" time="0.668">
    <system-out><![CDATA[
Method: PUT

URL: https://demoqa.com/BookStore/v1/Books/9781449325862

The request is sent with: {"isbn":"00000000","userId":"b8b96bdb-d0a4-40a4-a6a1-cb318f94993a"}

The response is return with: 
Status code: 400
Response body:
{
    "code": "1205",
    "message": "ISBN supplied is not available in Books Collection!"
}
]]></system-out>
  </testcase>
</testsuite>