-------------------------------------------------------------------------------
Test set: TestSuite
-------------------------------------------------------------------------------
Tests run: 12, Failures: 1, Errors: 0, Skipped: 0, Time elapsed: 16.363 s <<< FAILURE! - in TestSuite
com.demoqa.tests.BookStoreTests.ReplaceBookTest.replaceABookInCollectionAndVerifyJsonSchemaSuccessfully  Time elapsed: 0.743 s  <<< FAILURE!
java.lang.AssertionError: 
Verify books
Expected: "{\"isbn\":\"9781449337711\",\"title\":\"Designing Evolvable Web APIs with ASP.NET\",\"subTitle\":\"Harnessing the Power of the Web\",\"author\":\"Glenn Block et al.\",\"publish_date\":\"2020-06-04T09:12:43.000Z\",\"publisher\":\"O\\u0027Reilly Media\",\"pages\":238,\"description\":\"Design and build Web APIs for a broad range of clientsâ€”including browsers and mobile devicesâ€”that can adapt to change over time. This practical, hands-on guide takes you through the theory and tools you need to build evolvable HTTP services with Microsoft\",\"website\":\"http://chimera.labs.oreilly.com/books/1234000001708/index.html\"}"
     but: was "{\"isbn\":\"9781449337711\",\"title\":\"Designing Evolvable Web APIs with ASP.NET\",\"subTitle\":\"Harnessing the Power of the Web\",\"author\":\"Glenn Block et al.\",\"publish_date\":\"2020-06-04T09:12:43.000Z\",\"publisher\":\"O\\u0027Reilly Media\",\"pages\":238,\"description\":\"Design and build Web APIs for a broad range of clients—including browsers and mobile devices—that can adapt to change over time. This practical, hands-on guide takes you through the theory and tools you need to build evolvable HTTP services with Microsoft\",\"website\":\"http://chimera.labs.oreilly.com/books/1234000001708/index.html\"}"
	at com.demoqa.tests.BookStoreTests.ReplaceBookTest.replaceABookInCollectionAndVerifyJsonSchemaSuccessfully(ReplaceBookTest.java:57)

