<?xml version="1.0" encoding="UTF-8"?>
<!-- Generated by org.testng.reporters.JUnitXMLReporter -->
<testsuite ignored="0" hostname="MSI" failures="0" tests="7" name="Command line test" time="62.494" errors="0" timestamp="2022-07-14T19:12:44 ICT">
  <testcase classname="com.thanhtran.jira010.tests.CreateProjectTest" name="createProjectWithAllFieldsSuccessfully" time="10.19"/>
  <testcase classname="com.thanhtran.jira010.tests.LoginTest" name="loginSuccessfullyWithValidAccount" time="0.998"/>
  <testcase classname="com.thanhtran.jira010.tests.LoginTest" name="loginUnsuccessfullyWithEmptyPassword" time="0.462"/>
  <testcase classname="com.thanhtran.jira010.tests.LoginTest" name="loginUnsuccessfullyWithEmptyUsername" time="0.511"/>
  <testcase classname="com.thanhtran.jira010.tests.LoginTest" name="loginUnsuccessfullyWithEmptyUsernamePassword" time="0.455"/>
  <testcase classname="com.thanhtran.jira010.tests.LoginTest" name="loginUnsuccessfullyWithInvalidAccount" time="1.017"/>
  <testcase classname="com.thanhtran.jira010.tests.SearchProjectTest" name="searchProjectWithNameLocationTypeSuccessfully" time="3.81"/>
</testsuite> <!-- Command line test -->
